<?xml version="1.0" encoding="UTF-8"?>
<!-- Generated by org.testng.reporters.JUnitReportReporter -->
<testsuite skipped="0" hostname="Hung-PC" name="testcase.TC10" tests="1" failures="0" timestamp="10 Dec 2018 07:38:20 GMT" time="2.191" errors="0">
  <testcase name="TC_10" time="2.191" classname="testcase.TC10"/>
</testsuite> <!-- testcase.TC10 -->
