<?xml version="1.0" encoding="UTF-8"?>
<!-- Generated by org.testng.reporters.JUnitReportReporter -->
<testsuite skipped="0" hostname="Hung-PC" name="testcase.TC06" tests="1" failures="0" timestamp="09 Dec 2018 04:03:48 GMT" time="2.518" errors="0">
  <testcase name="TC06" time="2.518" classname="testcase.TC06"/>
</testsuite> <!-- testcase.TC06 -->
