<?xml version="1.0" encoding="UTF-8"?>
<!-- Generated by org.testng.reporters.JUnitReportReporter -->
<testsuite skipped="0" hostname="LGDN15025-W7D01" name="test.LoginTest" tests="1" failures="0" timestamp="06 Dec 2018 05:13:32 GMT" time="2.285" errors="0">
  <testcase name="test_LoginSuccess" time="2.285" classname="test.LoginTest"/>
</testsuite> <!-- test.LoginTest -->
