<?xml version="1.0" encoding="UTF-8"?>
<!-- Generated by org.testng.reporters.JUnitReportReporter -->
<testsuite skipped="0" hostname="LGDN15025-W7D01" name="testcase.LoginAndRegisterTest" tests="1" failures="0" timestamp="07 Dec 2018 01:34:50 GMT" time="3.054" errors="0">
  <testcase name="TC07" time="3.054" classname="testcase.LoginAndRegisterTest"/>
</testsuite> <!-- testcase.LoginAndRegisterTest -->
