<?xml version="1.0" encoding="UTF-8"?>
<!-- Generated by org.testng.reporters.JUnitReportReporter -->
<testsuite skipped="0" hostname="Hung-PC" name="Common.EmailTests" tests="1" failures="0" timestamp="10 Dec 2018 10:08:55 GMT" time="1.550" errors="0">
  <testcase name="testVerificationCode" time="1.550" classname="Common.EmailTests"/>
</testsuite> <!-- Common.EmailTests -->
