<?xml version="1.0" encoding="UTF-8"?>
<!-- Generated by org.testng.reporters.JUnitReportReporter -->
<testsuite skipped="0" hostname="Hung-PC" name="testcase.TC07" tests="1" failures="0" timestamp="09 Dec 2018 04:10:38 GMT" time="2.533" errors="0">
  <testcase name="TC_07" time="2.533" classname="testcase.TC07"/>
</testsuite> <!-- testcase.TC07 -->
