<?xml version="1.0" encoding="UTF-8"?>
<!-- Generated by org.testng.reporters.JUnitReportReporter -->
<testsuite skipped="0" hostname="Hung-PC" name="testcase.TC08" tests="1" failures="0" timestamp="09 Dec 2018 02:41:23 GMT" time="3.760" errors="0">
  <testcase name="TC_08" time="3.760" classname="testcase.TC08"/>
</testsuite> <!-- testcase.TC08 -->
