<?xml version="1.0" encoding="UTF-8"?>
<!-- Generated by org.testng.reporters.JUnitReportReporter -->
<testsuite skipped="0" hostname="Hung-PC" name="testcase.LoginAndRegisterTest" tests="2" failures="0" timestamp="09 Dec 2018 03:09:31 GMT" time="3.269" errors="0">
  <testcase name="TC01" time="2.242" classname="testcase.LoginAndRegisterTest"/>
  <testcase name="TC04" time="1.027" classname="testcase.LoginAndRegisterTest"/>
</testsuite> <!-- testcase.LoginAndRegisterTest -->
